c:\users\kjh0121\source\repos\project1\phonebookgui\debug\phonebookgui.pch
c:\users\kjh0121\source\repos\project1\phonebookgui\debug\vc141.pdb
c:\users\kjh0121\source\repos\project1\phonebookgui\debug\vc141.idb
c:\users\kjh0121\source\repos\project1\phonebookgui\debug\stdafx.obj
c:\users\kjh0121\source\repos\project1\phonebookgui\debug\subeditguidlg.obj
c:\users\kjh0121\source\repos\project1\phonebookgui\debug\subbasicguidlg.obj
c:\users\kjh0121\source\repos\project1\phonebookgui\debug\phonebookguidlg.obj
c:\users\kjh0121\source\repos\project1\phonebookgui\debug\phonebookgui.obj
c:\users\kjh0121\source\repos\project1\phonebookgui\debug\phonebook.obj
c:\users\kjh0121\source\repos\project1\phonebookgui\debug\person.obj
c:\users\kjh0121\source\repos\project1\phonebookgui\debug\filemanager.obj
c:\users\kjh0121\source\repos\project1\debug\phonebookgui.ilk
c:\users\kjh0121\source\repos\project1\debug\phonebookgui.exe
c:\users\kjh0121\source\repos\project1\debug\phonebookgui.pdb
c:\users\kjh0121\source\repos\project1\phonebookgui\debug\phonebookgui.res
c:\users\kjh0121\source\repos\project1\phonebookgui\debug\phonebookgui.tlog\cl.command.1.tlog
c:\users\kjh0121\source\repos\project1\phonebookgui\debug\phonebookgui.tlog\cl.read.1.tlog
c:\users\kjh0121\source\repos\project1\phonebookgui\debug\phonebookgui.tlog\cl.write.1.tlog
c:\users\kjh0121\source\repos\project1\phonebookgui\debug\phonebookgui.tlog\link.command.1.tlog
c:\users\kjh0121\source\repos\project1\phonebookgui\debug\phonebookgui.tlog\link.read.1.tlog
c:\users\kjh0121\source\repos\project1\phonebookgui\debug\phonebookgui.tlog\link.write.1.tlog
c:\users\kjh0121\source\repos\project1\phonebookgui\debug\phonebookgui.tlog\rc.command.1.tlog
c:\users\kjh0121\source\repos\project1\phonebookgui\debug\phonebookgui.tlog\rc.read.1.tlog
c:\users\kjh0121\source\repos\project1\phonebookgui\debug\phonebookgui.tlog\rc.write.1.tlog
